<?xml version="1.0" encoding="UTF-8"?>
<testsuite xmlns:xsi="http://www.w3.org/2001/XMLSchema-instance" xsi:noNamespaceSchemaLocation="https://maven.apache.org/surefire/maven-surefire-plugin/xsd/surefire-test-report-3.0.xsd" version="3.0" name="com.wisam.eventsmanager.EventsManagerApplicationTests" time="6.338" tests="1" errors="0" skipped="0" failures="0">
  <properties>
[...]
</properties>
  <testcase name="contextLoads" classname="com.wisam.eventsmanager.EventsManagerApplicationTests" time="0.585">
    <system-out><![CDATA[16:33:23.701 [main] INFO org.springframework.test.context.support.AnnotationConfigContextLoaderUtils -- Could not detect default configuration classes for test class [com.wisam.eventsmanager.EventsManagerApplicationTests]: EventsManagerApplicationTests does not declare any static, non-private, non-final, nested classes annotated with @Configuration.
16:33:23.822 [main] INFO org.springframework.boot.test.context.SpringBootTestContextBootstrapper -- Found @SpringBootConfiguration com.wisam.eventsmanager.EventsManagerApplication for test class com.wisam.eventsmanager.EventsManagerApplicationTests

  .   ____          _            __ _ _
 /\\ / ___'_ __ _ _(_)_ __  __ _ \ \ \ \
( ( )\___ | '_ | '_| | '_ \/ _` | \ \ \ \
 \\/  ___)| |_)| | | | | || (_| |  ) ) ) )
  '  |____| .__|_| |_|_| |_\__, | / / / /
 =========|_|==============|___/=/_/_/_/
 :: Spring Boot ::                (v3.1.0)

2023-06-12T16:33:24.402+02:00  INFO 22868 --- [           main] c.w.e.EventsManagerApplicationTests      : Starting EventsManagerApplicationTests using Java 17.0.6 with PID 22868 (started by Wisam in D:\Classes\Prog IV\events-manager)
2023-06-12T16:33:24.404+02:00  INFO 22868 --- [           main] c.w.e.EventsManagerApplicationTests      : No active profile set, falling back to 1 default profile: "default"
2023-06-12T16:33:25.224+02:00  INFO 22868 --- [           main] .s.d.r.c.RepositoryConfigurationDelegate : Bootstrapping Spring Data JPA repositories in DEFAULT mode.
2023-06-12T16:33:25.329+02:00  INFO 22868 --- [           main] .s.d.r.c.RepositoryConfigurationDelegate : Finished Spring Data repository scanning in 91 ms. Found 4 JPA repository interfaces.
2023-06-12T16:33:25.890+02:00  INFO 22868 --- [           main] com.zaxxer.hikari.HikariDataSource       : HikariPool-1 - Starting...
2023-06-12T16:33:26.136+02:00  INFO 22868 --- [           main] com.zaxxer.hikari.pool.HikariPool        : HikariPool-1 - Added connection conn0: url=jdbc:h2:mem:memDB user=SA
2023-06-12T16:33:26.139+02:00  INFO 22868 --- [           main] com.zaxxer.hikari.HikariDataSource       : HikariPool-1 - Start completed.
2023-06-12T16:33:26.306+02:00  INFO 22868 --- [           main] o.hibernate.jpa.internal.util.LogHelper  : HHH000204: Processing PersistenceUnitInfo [name: default]
2023-06-12T16:33:26.386+02:00  INFO 22868 --- [           main] org.hibernate.Version                    : HHH000412: Hibernate ORM core version 6.2.2.Final
2023-06-12T16:33:26.390+02:00  INFO 22868 --- [           main] org.hibernate.cfg.Environment            : HHH000406: Using bytecode reflection optimizer
2023-06-12T16:33:26.636+02:00  INFO 22868 --- [           main] o.h.b.i.BytecodeProviderInitiator        : HHH000021: Bytecode provider name : bytebuddy
2023-06-12T16:33:26.816+02:00  INFO 22868 --- [           main] o.s.o.j.p.SpringPersistenceUnitInfo      : No LoadTimeWeaver setup: ignoring JPA class transformer
2023-06-12T16:33:26.879+02:00  INFO 22868 --- [           main] org.hibernate.orm.dialect                : HHH035001: Using dialect: org.hibernate.dialect.H2Dialect, version: 2.1.214
2023-06-12T16:33:27.139+02:00  INFO 22868 --- [           main] o.h.b.i.BytecodeProviderInitiator        : HHH000021: Bytecode provider name : bytebuddy
2023-06-12T16:33:27.819+02:00  INFO 22868 --- [           main] o.h.e.t.j.p.i.JtaPlatformInitiator       : HHH000490: Using JtaPlatform implementation: [org.hibernate.engine.transaction.jta.platform.internal.NoJtaPlatform]
2023-06-12T16:33:27.823+02:00  INFO 22868 --- [           main] j.LocalContainerEntityManagerFactoryBean : Initialized JPA EntityManagerFactory for persistence unit 'default'
2023-06-12T16:33:28.528+02:00  WARN 22868 --- [           main] JpaBaseConfiguration$JpaWebConfiguration : spring.jpa.open-in-view is enabled by default. Therefore, database queries may be performed during view rendering. Explicitly configure spring.jpa.open-in-view to disable this warning
2023-06-12T16:33:28.738+02:00  INFO 22868 --- [           main] o.s.b.a.w.s.WelcomePageHandlerMapping    : Adding welcome page: class path resource [static/index.html]
2023-06-12T16:33:28.952+02:00  INFO 22868 --- [           main] o.s.b.a.h2.H2ConsoleAutoConfiguration    : H2 console available at '/h2'. Database available at 'jdbc:h2:mem:memDB'
2023-06-12T16:33:29.179+02:00  INFO 22868 --- [           main] o.s.s.web.DefaultSecurityFilterChain     : Will secure any request with [org.springframework.security.web.session.DisableEncodeUrlFilter@230dd372, org.springframework.security.web.context.request.async.WebAsyncManagerIntegrationFilter@663cc8c9, org.springframework.security.web.context.SecurityContextHolderFilter@68024e57, org.springframework.security.web.header.HeaderWriterFilter@63df2eb8, org.springframework.security.web.csrf.CsrfFilter@53fb3e1b, org.springframework.security.web.authentication.logout.LogoutFilter@49b6373f, org.springframework.security.web.authentication.UsernamePasswordAuthenticationFilter@39f3285d, org.springframework.security.web.authentication.ui.DefaultLoginPageGeneratingFilter@69374e28, org.springframework.security.web.authentication.ui.DefaultLogoutPageGeneratingFilter@51c15508, org.springframework.security.web.authentication.www.BasicAuthenticationFilter@2eed6331, org.springframework.security.web.savedrequest.RequestCacheAwareFilter@2f83467, org.springframework.security.web.servletapi.SecurityContextHolderAwareRequestFilter@435e224d, org.springframework.security.web.authentication.AnonymousAuthenticationFilter@164cad52, org.springframework.security.web.access.ExceptionTranslationFilter@a3e458, org.springframework.security.web.access.intercept.AuthorizationFilter@24be6e34]
2023-06-12T16:33:29.237+02:00  INFO 22868 --- [           main] c.w.e.EventsManagerApplicationTests      : Started EventsManagerApplicationTests in 5.2 seconds (process running for 6.453)
]]></system-out>
  </testcase>
</testsuite>